17-Nov-2018 05:49:33.284 INFO [http-nio-8085-exec-5] org.apache.catalina.core.ApplicationContext.log HTMLManager: init: Associated with Deployer 'Catalina:type=Deployer,host=localhost'
17-Nov-2018 05:49:33.287 INFO [http-nio-8085-exec-5] org.apache.catalina.core.ApplicationContext.log HTMLManager: init: Global resources are available
17-Nov-2018 05:49:33.296 INFO [http-nio-8085-exec-5] org.apache.catalina.core.ApplicationContext.log HTMLManager: list: Listing contexts for virtual host 'localhost'
17-Nov-2018 05:58:09.614 INFO [http-nio-8085-exec-4] org.apache.catalina.core.ApplicationContext.log HTMLManager: list: Listing contexts for virtual host 'localhost'
17-Nov-2018 06:11:29.055 INFO [http-nio-8085-exec-8] org.apache.catalina.core.ApplicationContext.log Manager: init: Associated with Deployer 'Catalina:type=Deployer,host=localhost'
17-Nov-2018 06:11:29.055 INFO [http-nio-8085-exec-8] org.apache.catalina.core.ApplicationContext.log Manager: init: Global resources are available
17-Nov-2018 06:11:29.057 INFO [http-nio-8085-exec-8] org.apache.catalina.core.ApplicationContext.log Manager: list: Listing contexts for virtual host 'localhost'
17-Nov-2018 06:11:29.062 INFO [http-nio-8085-exec-10] org.apache.catalina.core.ApplicationContext.log Manager: deploy: Deploying web application '/Maven Hello World Build 2'
17-Nov-2018 06:11:29.062 INFO [http-nio-8085-exec-10] org.apache.catalina.core.ApplicationContext.log Manager: Uploading WAR file to /opt/tomcat/apache-tomcat-8.5.34/webapps/Maven Hello World Build 2.war
17-Nov-2018 06:11:36.352 INFO [http-nio-8085-exec-9] org.apache.catalina.core.ApplicationContext.log HTMLManager: list: Listing contexts for virtual host 'localhost'
17-Nov-2018 06:27:47.283 INFO [http-nio-8085-exec-6] org.apache.catalina.core.ApplicationContext.log Manager: list: Listing contexts for virtual host 'localhost'
17-Nov-2018 06:27:47.296 INFO [http-nio-8085-exec-7] org.apache.catalina.core.ApplicationContext.log Manager: deploy: Deploying web application '/Maven Auto Build'
17-Nov-2018 06:27:47.296 INFO [http-nio-8085-exec-7] org.apache.catalina.core.ApplicationContext.log Manager: Uploading WAR file to /opt/tomcat/apache-tomcat-8.5.34/webapps/Maven Auto Build.war
17-Nov-2018 06:27:53.670 INFO [http-nio-8085-exec-2] org.apache.catalina.core.ApplicationContext.log HTMLManager: list: Listing contexts for virtual host 'localhost'
17-Nov-2018 06:30:20.270 INFO [http-nio-8085-exec-5] org.apache.catalina.core.ApplicationContext.log Manager: list: Listing contexts for virtual host 'localhost'
17-Nov-2018 06:30:20.280 INFO [http-nio-8085-exec-6] org.apache.catalina.core.ApplicationContext.log Manager: list: Listing contexts for virtual host 'localhost'
17-Nov-2018 06:30:20.283 INFO [http-nio-8085-exec-7] org.apache.catalina.core.ApplicationContext.log Manager: undeploy: Undeploying web application at '/Maven Auto Build'
17-Nov-2018 06:30:20.811 INFO [http-nio-8085-exec-7] org.apache.catalina.core.ApplicationContext.log Manager: deploy: Deploying web application '/Maven Auto Build'
17-Nov-2018 06:30:20.811 INFO [http-nio-8085-exec-7] org.apache.catalina.core.ApplicationContext.log Manager: Uploading WAR file to /opt/tomcat/apache-tomcat-8.5.34/webapps/Maven Auto Build.war
17-Nov-2018 06:30:29.860 INFO [http-nio-8085-exec-2] org.apache.catalina.core.ApplicationContext.log HTMLManager: list: Listing contexts for virtual host 'localhost'
17-Nov-2018 09:08:06.483 INFO [http-nio-8085-exec-11] org.apache.catalina.core.ApplicationContext.log HTMLManager: list: Listing contexts for virtual host 'localhost'
17-Nov-2018 10:00:22.046 INFO [http-nio-8085-exec-16] org.apache.catalina.core.ApplicationContext.log Manager: list: Listing contexts for virtual host 'localhost'
17-Nov-2018 10:00:22.060 INFO [http-nio-8085-exec-17] org.apache.catalina.core.ApplicationContext.log Manager: list: Listing contexts for virtual host 'localhost'
17-Nov-2018 10:00:22.063 INFO [http-nio-8085-exec-17] org.apache.catalina.core.ApplicationContext.log Manager: undeploy: Undeploying web application at '/Maven Auto Build'
17-Nov-2018 10:00:22.589 INFO [http-nio-8085-exec-17] org.apache.catalina.core.ApplicationContext.log Manager: deploy: Deploying web application '/Maven Auto Build'
17-Nov-2018 10:00:22.589 INFO [http-nio-8085-exec-17] org.apache.catalina.core.ApplicationContext.log Manager: Uploading WAR file to /opt/tomcat/apache-tomcat-8.5.34/webapps/Maven Auto Build.war
